Build started 15/05/2014 10:25:14.
     1>Project "C:\Users\Raymund\Downloads\Desktop 3\Final Project\Terrain Editor Builds\Terrain Editor\Engine\Engine\Engine.vcxproj" on node 2 (build target(s)).
     1>InitializeBuildStatus:
         Creating "Release\Engine.unsuccessfulbuild" because "AlwaysCreate" was specified.
       ClCompile:
         c:\Program Files (x86)\Microsoft Visual Studio 10.0\VC\bin\CL.exe /c /Zi /nologo /W3 /WX- /O2 /Oi /Oy- /GL /D WIN32 /D NDEBUG /D _WINDOWS /D _UNICODE /D UNICODE /Gm- /EHsc /MD /GS /Gy /fp:precise /Zc:wchar_t /Zc:forScope /Fo"Release\\" /Fd"Release\vc100.pdb" /Gd /TP /analyze- /errorReport:prompt applicationclass.cpp
         applicationclass.cpp
       Link:
         c:\Program Files (x86)\Microsoft Visual Studio 10.0\VC\bin\link.exe /ERRORREPORT:PROMPT /OUT:"C:\Users\Raymund\Downloads\Desktop 3\Final Project\Terrain Editor Builds\Terrain Editor\Engine\Release\Engine.exe" /INCREMENTAL:NO /NOLOGO d3d11.lib d3dcompiler.lib d3dx11.lib d3dx10.lib d3dx9.lib dxerr.lib kernel32.lib user32.lib gdi32.lib winspool.lib comdlg32.lib advapi32.lib shell32.lib ole32.lib oleaut32.lib uuid.lib odbc32.lib odbccp32.lib /MANIFEST /ManifestFile:"Release\Engine.exe.intermediate.manifest" /MANIFESTUAC:"level='asInvoker' uiAccess='false'" /DEBUG /PDB:"C:\Users\Raymund\Downloads\Desktop 3\Final Project\Terrain Editor Builds\Terrain Editor\Engine\Release\Engine.pdb" /SUBSYSTEM:WINDOWS /OPT:REF /OPT:ICF /LTCG /TLBID:1 /DYNAMICBASE /NXCOMPAT /IMPLIB:"C:\Users\Raymund\Downloads\Desktop 3\Final Project\Terrain Editor Builds\Terrain Editor\Engine\Release\Engine.lib" /MACHINE:X86 Release\applicationclass.obj
         Release\cameraclass.obj
         Release\colorshaderclass.obj
         Release\cpuclass.obj
         Release\d3dclass.obj
         Release\fontclass.obj
         Release\fontshaderclass.obj
         Release\fpsclass.obj
         Release\inputclass.obj
         Release\lightclass.obj
         Release\main.obj
         Release\positionclass.obj
         Release\systemclass.obj
         Release\terrainclass.obj
         Release\Terrainshaderclass.obj
         Release\textclass.obj
         Release\textureclass.obj
         Release\timerclass.obj
         Generating code
     1>c:\users\raymund\downloads\desktop 3\final project\terrain editor builds\terrain editor\engine\engine\terrainclass.cpp(746): warning C4715: 'TerrainClass::GlobalTerrainSmooth' : not all control paths return a value
         Finished generating code
         Engine.vcxproj -> C:\Users\Raymund\Downloads\Desktop 3\Final Project\Terrain Editor Builds\Terrain Editor\Engine\Release\Engine.exe
       Manifest:
         c:\Program Files (x86)\Microsoft SDKs\Windows\v7.0A\bin\mt.exe /nologo /verbose /outputresource:"C:\Users\Raymund\Downloads\Desktop 3\Final Project\Terrain Editor Builds\Terrain Editor\Engine\Release\Engine.exe;#1" /manifest Release\Engine.exe.intermediate.manifest
       FinalizeBuildStatus:
         Deleting file "Release\Engine.unsuccessfulbuild".
         Touching "Release\Engine.lastbuildstate".
     1>Done Building Project "C:\Users\Raymund\Downloads\Desktop 3\Final Project\Terrain Editor Builds\Terrain Editor\Engine\Engine\Engine.vcxproj" (build target(s)).

Build succeeded.

Time Elapsed 00:00:02.75
